2021-03-30 21:14:04,052 Start...
2021-03-30 22:33:49,895 Finished

2021-03-30 22:33:52,009 Start...
2021-03-30 22:33:59,895 Finished

2021-03-30 22:34:17,521 Start...
2021-03-30 22:35:16,416 Finished

2021-03-30 22:35:38,635 Start...
2021-03-30 22:36:27,488 Finished

2021-03-30 22:36:55,832 Start...
2021-03-30 22:37:00,217 Finished

2021-03-30 22:37:37,425 Start...
2021-03-30 22:37:46,353 Finished

2021-03-30 22:52:59,855 Start...
2021-03-30 22:53:13,954 Start...
2021-03-30 22:53:27,105 Start...
2021-03-30 22:53:52,812 Finished

2021-03-30 22:54:34,040 Start...
2021-03-30 22:55:36,137 Finished

2021-03-30 22:58:27,430 Start...
2021-03-30 22:58:33,455 Finished

2021-03-30 22:58:56,464 Start...
2021-03-30 22:59:16,504 Finished

2021-03-30 23:00:30,506 Start...
2021-03-30 23:00:39,663 Finished

2021-03-30 23:00:47,872 Start...
2021-03-30 23:00:58,945 Finished

2021-03-30 23:01:24,990 Start...
2021-03-30 23:02:37,447 Finished

2021-03-30 23:03:59,173 Start...
2021-03-30 23:04:47,131 Finished

2021-03-30 23:04:49,143 Start...
2021-03-30 23:32:29,624 Finished

2021-03-31 22:51:27,919 Start...
2021-03-31 23:16:37,475 Finished

2021-03-31 23:17:34,278 Start...
2021-03-31 23:17:45,837 Start...
2021-03-31 23:18:00,697 Start...
2021-03-31 23:18:14,628 Finished

2021-03-31 23:18:49,338 Start...
2021-03-31 23:19:06,836 Finished

2021-03-31 23:19:12,553 Start...
2021-03-31 23:19:19,180 Start...
2021-03-31 23:20:11,317 Finished

2021-03-31 23:20:19,005 Start...
2021-03-31 23:21:42,529 Finished

2021-03-31 23:23:04,584 Start...
2021-03-31 23:29:03,033 Finished

2021-03-31 23:29:44,298 Start...
2021-03-31 23:30:01,406 Finished

2021-03-31 23:36:19,004 Start...
2021-03-31 23:53:04,002 Finished

2021-03-31 23:53:06,220 Start...
2021-03-31 23:53:51,567 Start...
2021-03-31 23:55:38,560 Finished

2021-03-31 23:55:40,903 Start...
2021-04-01 00:02:42,339 Finished

2021-04-01 00:02:43,337 Start...
2021-04-01 00:18:25,285 Finished

2021-04-01 00:18:50,695 Start...
2021-04-01 00:29:38,295 Finished

2021-04-01 00:29:40,689 Start...
2021-04-01 00:31:01,912 Finished

2021-04-01 00:31:03,937 Start...
2021-04-01 00:32:04,289 Finished

2021-04-01 00:32:06,562 Start...
2021-04-01 00:35:39,600 Finished

2021-04-01 00:35:41,893 Start...
2021-04-01 00:42:38,110 Finished

2021-04-01 00:53:31,715 Start...
2021-04-01 00:53:53,461 Finished

2021-04-01 00:53:55,680 Start...
2021-04-01 01:11:23,651 Finished

2021-04-01 01:21:49,981 Start...
2021-04-01 01:26:23,556 Finished

2021-04-01 18:15:16,008 Start...
2021-04-01 18:18:40,018 Finished

2021-04-01 21:19:16,605 Start...
2021-04-01 22:15:39,228 Finished

2021-04-01 22:15:53,666 Start...
2021-04-01 22:16:32,618 Finished

2021-04-01 22:17:12,108 Start...
2021-04-01 22:22:09,208 Finished

2021-04-01 22:22:11,675 Start...
2021-04-01 22:25:55,965 Finished

2021-04-01 22:27:14,865 Start...
2021-04-01 22:27:30,097 Finished

2021-04-01 22:28:20,081 Start...
2021-04-01 22:29:50,061 Start...
2021-04-01 22:32:24,988 Finished

2021-04-01 22:32:39,569 Start...
2021-04-01 22:33:45,688 Finished

2021-04-01 22:33:47,723 Start...
2021-04-01 22:44:16,500 Finished

2021-04-01 22:44:52,516 Start...
2021-04-01 22:46:08,821 Finished

2021-04-01 22:46:10,717 Start...
2021-04-01 22:48:14,925 Finished

2021-04-01 22:49:55,466 Start...
2021-04-01 23:07:56,741 Finished

2021-04-01 23:10:36,045 Start...
2021-04-01 23:11:04,035 Finished

2021-04-01 23:11:25,856 Start...
2021-04-01 23:13:42,363 Finished

2021-04-01 23:19:00,164 Start...
2021-04-01 23:19:04,701 Com ports: xy_port= None, z_port= None, modbus_port= None, pipette_port= None
2021-04-01 23:19:49,735 Finished

2021-04-01 23:29:11,377 Start...
2021-04-01 23:30:16,623 Finished

2021-04-01 23:54:03,946 Start...
2021-04-01 23:57:31,956 Finished

2021-04-02 14:02:38,189 Start...
2021-04-02 14:03:56,742 Finished

2021-04-02 15:52:12,968 Start...
2021-04-02 15:52:15,258 Finished

2021-04-02 15:52:51,266 Start...
2021-04-02 15:52:53,805 Com ports: xy_port= COM8, z_port= COM10, modbus_port= COM16, pipette_port= COM4
2021-04-02 15:52:55,042 Z-platform connected
2021-04-02 15:52:56,135 E-pipette connected
2021-04-02 15:55:24,690 Finished

2021-04-02 15:55:46,420 Start...
2021-04-02 15:55:49,004 Com ports: xy_port= COM8, z_port= COM10, modbus_port= COM16, pipette_port= COM4
2021-04-02 15:55:50,242 Z-platform connected
2021-04-02 15:55:51,297 E-pipette connected
2021-04-02 15:56:44,980 Finished

2021-04-02 17:01:41,813 Start...
2021-04-02 17:01:51,426 Com ports: xy_port= COM8, z_port= COM10, modbus_port= COM16, pipette_port= COM4
2021-04-02 17:01:52,669 Z-platform connected
2021-04-02 17:01:53,762 E-pipette connected
2021-04-02 17:05:58,705 Finished

2021-04-02 17:06:02,718 Start...
2021-04-02 17:06:04,801 Com ports: xy_port= COM8, z_port= COM10, modbus_port= COM16, pipette_port= COM4
2021-04-02 17:06:06,028 Z-platform connected
2021-04-02 17:06:07,048 E-pipette connected
2021-04-02 17:07:44,535 Finished

2021-04-02 17:07:52,325 Start...
2021-04-02 17:07:57,787 Com ports: xy_port= COM8, z_port= COM10, modbus_port= COM16, pipette_port= COM4
2021-04-02 17:07:59,043 Z-platform connected
2021-04-02 17:08:00,140 E-pipette connected
2021-04-02 17:11:05,923 Finished

2021-04-02 17:11:21,698 Start...
2021-04-02 17:11:24,233 Com ports: xy_port= COM8, z_port= COM10, modbus_port= COM16, pipette_port= COM4
2021-04-02 17:11:25,463 Z-platform connected
2021-04-02 17:11:26,555 E-pipette connected
2021-04-02 19:12:35,051 Finished

2021-04-02 19:12:38,182 Start...
2021-04-02 19:12:40,421 Finished

2021-04-02 20:17:19,483 Start...
2021-04-02 20:19:15,432 Finished

2021-04-02 20:19:18,051 Start...
2021-04-02 20:35:44,292 Finished

2021-04-02 20:35:52,314 Start...
2021-04-02 20:35:57,794 Com ports: xy_port= COM8, z_port= COM10, modbus_port= COM16, pipette_port= COM4
2021-04-02 20:35:59,035 Z-platform connected
2021-04-02 20:36:00,128 E-pipette connected
2021-04-02 20:38:42,433 Finished

2021-04-02 20:38:45,921 Start...
2021-04-02 20:40:36,026 Com ports: xy_port= COM8, z_port= COM10, modbus_port= COM16, pipette_port= COM4
2021-04-02 20:40:37,247 Z-platform connected
2021-04-02 20:40:38,350 E-pipette connected
2021-04-02 21:34:42,066 Finished

2021-04-02 23:28:43,100 Start...
2021-04-02 23:28:56,190 Finished

2021-04-02 23:54:08,485 Start...
2021-04-02 23:55:36,324 Start...
2021-04-02 23:55:47,746 Com ports: xy_port= None, z_port= None, modbus_port= None, pipette_port= None
2021-04-02 23:56:23,038 Finished

2021-04-02 23:56:25,573 Start...
2021-04-02 23:56:52,203 Finished

2021-04-02 23:58:34,879 Start...
2021-04-03 00:03:33,550 Finished

2021-04-03 10:17:57,051 Start...
2021-04-03 10:18:12,597 Com ports: xy_port= COM8, z_port= COM10, modbus_port= COM16, pipette_port= COM4
2021-04-03 10:18:13,840 Z-platform connected
2021-04-03 10:18:14,932 E-pipette connected
2021-04-03 10:58:24,232 Finished

2021-04-03 11:21:44,713 Start...
2021-04-03 11:21:46,994 Com ports: xy_port= COM8, z_port= COM10, modbus_port= COM16, pipette_port= COM4
2021-04-03 11:21:48,217 Z-platform connected
2021-04-03 11:21:49,316 E-pipette connected
2021-04-03 11:41:09,653 Finished

2021-04-03 11:48:03,296 Start...
2021-04-03 11:49:57,182 Com ports: xy_port= None, z_port= None, modbus_port= None, pipette_port= None
2021-04-03 11:50:22,972 Com ports: xy_port= COM8, z_port= COM10, modbus_port= COM16, pipette_port= COM4
2021-04-03 11:50:24,200 Z-platform connected
2021-04-03 11:50:25,227 E-pipette connected
2021-04-03 11:53:07,775 Finished

2021-04-03 11:57:34,326 Start...
2021-04-03 11:57:38,909 Com ports: xy_port= COM8, z_port= COM10, modbus_port= COM16, pipette_port= COM4
2021-04-03 11:57:40,171 Z-platform connected
2021-04-03 11:57:41,267 E-pipette connected
2021-04-03 12:03:31,630 Finished

2021-04-03 12:03:38,022 Start...
2021-04-03 12:03:45,582 Com ports: xy_port= COM8, z_port= COM10, modbus_port= COM16, pipette_port= COM4
2021-04-03 12:03:46,832 Z-platform connected
2021-04-03 12:03:47,933 E-pipette connected
2021-04-03 12:05:46,298 Finished

2021-04-03 12:05:52,190 Start...
2021-04-03 12:05:54,000 Com ports: xy_port= COM8, z_port= COM10, modbus_port= COM16, pipette_port= COM4
2021-04-03 12:05:55,243 Z-platform connected
2021-04-03 12:05:56,272 E-pipette connected
2021-04-03 13:18:25,917 Finished

2021-04-03 13:31:02,618 Start...
2021-04-03 13:31:23,194 Com ports: xy_port= COM8, z_port= COM10, modbus_port= COM16, pipette_port= COM4
2021-04-03 13:31:24,433 Z-platform connected
2021-04-03 13:31:25,459 E-pipette connected
2021-04-03 13:38:39,028 Finished

2021-04-03 13:38:45,071 Start...
2021-04-03 13:38:47,658 Com ports: xy_port= COM8, z_port= COM10, modbus_port= COM16, pipette_port= COM4
2021-04-03 13:38:48,895 Z-platform connected
2021-04-03 13:38:49,929 E-pipette connected
2021-04-03 13:45:26,258 Finished

2021-04-03 13:45:30,159 Start...
2021-04-03 13:45:32,286 Com ports: xy_port= COM8, z_port= COM10, modbus_port= COM16, pipette_port= COM4
2021-04-03 13:45:33,524 Z-platform connected
2021-04-03 13:45:34,554 E-pipette connected
2021-04-03 13:54:32,078 Finished

2021-04-03 13:54:43,753 Start...
2021-04-03 13:54:46,347 Com ports: xy_port= COM8, z_port= COM10, modbus_port= COM16, pipette_port= COM4
2021-04-03 13:54:47,596 Z-platform connected
2021-04-03 13:54:48,689 E-pipette connected
2021-04-03 14:37:40,870 Finished

2021-04-03 16:19:20,689 Start...
2021-04-03 16:19:50,380 Finished

2021-04-03 17:11:16,227 Start...
2021-04-03 17:11:21,302 Com ports: xy_port= None, z_port= None, modbus_port= None, pipette_port= None
2021-04-03 17:12:22,374 Finished

2021-04-03 17:12:26,983 Start...
2021-04-03 17:12:28,905 Finished

2021-04-03 17:20:04,743 Start...
2021-04-03 17:20:54,248 Com ports: xy_port= None, z_port= None, modbus_port= None, pipette_port= None
2021-04-03 17:21:14,033 Finished

2021-04-04 09:09:53,324 Start...
2021-04-04 09:09:58,288 Com ports: xy_port= COM8, z_port= COM10, modbus_port= COM16, pipette_port= COM4
2021-04-04 09:09:59,498 Z-platform connected
2021-04-04 09:10:00,600 E-pipette connected
2021-04-04 09:14:47,969 Finished

2021-04-04 09:15:12,644 Start...
2021-04-04 09:15:15,104 Com ports: xy_port= COM8, z_port= COM10, modbus_port= COM16, pipette_port= COM4
2021-04-04 09:15:16,344 Z-platform connected
2021-04-04 09:15:17,448 E-pipette connected
2021-04-04 10:04:56,579 Start...
2021-04-04 10:05:01,486 Com ports: xy_port= COM8, z_port= COM10, modbus_port= COM16, pipette_port= COM4
2021-04-04 10:05:02,738 Z-platform connected
2021-04-04 10:05:03,831 E-pipette connected
2021-04-04 10:07:28,128 Finished

2021-04-04 10:17:31,518 Start...
2021-04-04 10:17:35,038 Com ports: xy_port= COM8, z_port= COM10, modbus_port= COM16, pipette_port= COM4
2021-04-04 10:17:36,296 Z-platform connected
2021-04-04 10:17:37,391 E-pipette connected
2021-04-04 10:27:39,280 Finished

2021-04-04 10:27:43,789 Start...
2021-04-04 10:27:47,418 Com ports: xy_port= COM8, z_port= COM10, modbus_port= COM16, pipette_port= COM4
2021-04-04 10:27:48,678 Z-platform connected
2021-04-04 10:27:49,705 E-pipette connected
2021-04-04 10:32:17,515 Finished

2021-04-04 10:35:19,377 Start...
2021-04-04 10:35:23,022 Com ports: xy_port= COM8, z_port= COM10, modbus_port= COM16, pipette_port= COM4
2021-04-04 10:35:24,279 Z-platform connected
2021-04-04 10:35:25,369 E-pipette connected
2021-04-04 10:40:54,585 Finished

2021-04-04 10:40:56,884 Start...
2021-04-04 10:41:00,195 Com ports: xy_port= COM8, z_port= COM10, modbus_port= COM16, pipette_port= COM4
2021-04-04 10:41:01,462 Z-platform connected
2021-04-04 10:41:02,485 E-pipette connected
2021-04-04 10:43:47,949 Finished

2021-04-04 10:45:00,110 Start...
2021-04-04 10:45:03,090 Com ports: xy_port= COM8, z_port= COM10, modbus_port= COM16, pipette_port= COM4
2021-04-04 10:45:04,338 Z-platform connected
2021-04-04 10:45:05,430 E-pipette connected
2021-04-04 10:48:46,718 Finished

2021-04-04 10:48:56,242 Start...
2021-04-04 10:48:58,508 Com ports: xy_port= COM8, z_port= COM10, modbus_port= COM16, pipette_port= COM4
2021-04-04 10:48:59,748 Z-platform connected
2021-04-04 10:49:00,836 E-pipette connected
2021-04-04 10:50:06,869 Finished

2021-04-04 10:50:40,520 Start...
2021-04-04 10:50:51,095 Com ports: xy_port= COM8, z_port= COM10, modbus_port= COM16, pipette_port= COM4
2021-04-04 10:50:52,325 Z-platform connected
2021-04-04 10:50:53,420 E-pipette connected
2021-04-04 10:51:39,209 Finished

2021-04-04 10:52:33,057 Start...
2021-04-04 10:52:35,606 Com ports: xy_port= COM8, z_port= COM10, modbus_port= COM16, pipette_port= COM4
2021-04-04 10:52:36,844 Z-platform connected
2021-04-04 10:52:37,940 E-pipette connected
2021-04-04 10:53:47,489 Finished

2021-04-04 10:54:26,086 Start...
2021-04-04 10:54:29,079 Com ports: xy_port= COM8, z_port= COM10, modbus_port= COM16, pipette_port= COM4
2021-04-04 10:54:30,308 Z-platform connected
2021-04-04 10:54:31,404 E-pipette connected
2021-04-04 10:55:47,222 Finished

2021-04-04 10:56:16,847 Start...
2021-04-04 10:56:19,251 Com ports: xy_port= COM8, z_port= COM10, modbus_port= COM16, pipette_port= COM4
2021-04-04 10:56:20,504 Z-platform connected
2021-04-04 10:56:21,591 E-pipette connected
2021-04-04 10:58:13,125 Finished

2021-04-04 10:58:19,293 Start...
2021-04-04 10:58:30,192 Com ports: xy_port= COM8, z_port= COM10, modbus_port= COM16, pipette_port= COM4
2021-04-04 10:58:31,426 Z-platform connected
2021-04-04 10:58:32,520 E-pipette connected
2021-04-04 11:00:32,427 Finished

2021-04-04 11:00:38,530 Start...
2021-04-04 11:00:40,832 Com ports: xy_port= COM8, z_port= COM10, modbus_port= COM16, pipette_port= COM4
2021-04-04 11:00:42,081 Z-platform connected
2021-04-04 11:00:43,097 E-pipette connected
2021-04-04 11:01:32,779 Finished

2021-04-04 11:04:45,363 Start...
2021-04-04 11:04:48,051 Com ports: xy_port= COM8, z_port= COM10, modbus_port= COM16, pipette_port= COM4
2021-04-04 11:04:49,292 Z-platform connected
2021-04-04 11:04:50,348 E-pipette connected
2021-04-04 11:06:18,295 Finished

2021-04-04 11:06:23,113 Start...
2021-04-04 11:06:25,430 Com ports: xy_port= COM8, z_port= COM10, modbus_port= COM16, pipette_port= COM4
2021-04-04 11:06:26,673 Z-platform connected
2021-04-04 11:06:27,689 E-pipette connected
2021-04-04 11:14:28,938 Finished

2021-04-04 11:14:33,846 Start...
2021-04-04 11:14:36,289 Com ports: xy_port= COM8, z_port= COM10, modbus_port= COM16, pipette_port= COM4
2021-04-04 11:14:37,528 Z-platform connected
2021-04-04 11:14:38,548 E-pipette connected
2021-04-04 11:15:25,386 Finished

2021-04-04 11:16:18,674 Start...
2021-04-04 11:16:20,697 Com ports: xy_port= COM8, z_port= COM10, modbus_port= COM16, pipette_port= COM4
2021-04-04 11:16:21,930 Z-platform connected
2021-04-04 11:16:22,998 E-pipette connected
2021-04-04 11:17:04,548 Finished

2021-04-04 11:17:38,339 Start...
2021-04-04 11:17:40,463 Com ports: xy_port= COM8, z_port= COM10, modbus_port= COM16, pipette_port= COM4
2021-04-04 11:17:41,704 Z-platform connected
2021-04-04 11:17:42,771 E-pipette connected
2021-04-04 11:18:29,352 Finished

2021-04-04 11:19:07,531 Start...
2021-04-04 11:19:09,740 Com ports: xy_port= COM8, z_port= COM10, modbus_port= COM16, pipette_port= COM4
2021-04-04 11:19:10,993 Z-platform connected
2021-04-04 11:19:12,053 E-pipette connected
2021-04-04 11:20:52,992 Finished

2021-04-04 11:20:57,672 Start...
2021-04-04 11:20:59,718 Com ports: xy_port= COM8, z_port= COM10, modbus_port= COM16, pipette_port= COM4
2021-04-04 11:21:00,993 Z-platform connected
2021-04-04 11:21:02,011 E-pipette connected
2021-04-04 11:30:22,600 Finished

2021-04-04 11:31:49,058 Start...
2021-04-04 11:31:51,455 Com ports: xy_port= COM8, z_port= COM10, modbus_port= COM16, pipette_port= COM4
2021-04-04 11:31:52,702 Z-platform connected
2021-04-04 11:31:53,765 E-pipette connected
2021-04-04 11:47:21,928 Finished

2021-04-04 11:54:12,028 Start...
2021-04-04 11:54:15,038 Com ports: xy_port= COM8, z_port= COM10, modbus_port= COM16, pipette_port= COM4
2021-04-04 11:54:16,308 Z-platform connected
2021-04-04 11:54:17,377 E-pipette connected
2021-04-04 11:55:58,167 Finished

2021-04-04 11:57:28,602 Start...
2021-04-04 11:57:31,927 Com ports: xy_port= COM8, z_port= COM10, modbus_port= COM16, pipette_port= COM4
2021-04-04 11:57:33,183 Z-platform connected
2021-04-04 11:57:34,241 E-pipette connected
2021-04-04 12:01:23,245 Finished

2021-04-04 12:01:27,686 Start...
2021-04-04 12:01:32,781 Com ports: xy_port= COM8, z_port= COM10, modbus_port= COM16, pipette_port= COM4
2021-04-04 12:01:34,030 Z-platform connected
2021-04-04 12:01:35,094 E-pipette connected
2021-04-04 12:06:57,455 Finished

2021-04-04 12:11:24,731 Start...
2021-04-04 12:11:27,037 Com ports: xy_port= COM8, z_port= COM10, modbus_port= COM16, pipette_port= COM4
2021-04-04 12:11:28,298 Z-platform connected
2021-04-04 12:11:29,357 E-pipette connected
2021-04-04 12:30:58,262 Finished

2021-04-04 12:31:06,660 Start...
2021-04-04 12:31:10,037 Com ports: xy_port= COM8, z_port= COM10, modbus_port= COM16, pipette_port= COM4
2021-04-04 12:31:11,292 Z-platform connected
2021-04-04 12:31:12,351 E-pipette connected
2021-04-04 13:02:10,025 Start...
2021-04-04 13:02:13,297 Com ports: xy_port= COM8, z_port= COM10, modbus_port= COM16, pipette_port= COM4
2021-04-04 13:02:14,557 Z-platform connected
2021-04-04 13:02:15,663 E-pipette connected
2021-04-04 13:12:48,387 Finished

2021-04-04 13:12:52,539 Start...
2021-04-04 13:12:55,611 Finished

2021-04-04 13:13:22,072 Start...
2021-04-04 13:13:24,855 Com ports: xy_port= COM8, z_port= COM10, modbus_port= COM16, pipette_port= COM4
2021-04-04 13:13:26,103 Z-platform connected
2021-04-04 13:13:27,207 E-pipette connected
2021-04-04 13:19:23,681 Finished

2021-04-04 13:19:27,052 Start...
2021-04-04 13:19:29,581 Com ports: xy_port= COM8, z_port= COM10, modbus_port= COM16, pipette_port= COM4
2021-04-04 13:19:30,812 Z-platform connected
2021-04-04 13:19:31,830 E-pipette connected
2021-04-04 13:31:50,033 Finished

2021-04-04 13:34:51,350 Start...
2021-04-04 13:34:53,801 Com ports: xy_port= COM8, z_port= COM10, modbus_port= COM16, pipette_port= COM4
2021-04-04 13:34:55,036 Z-platform connected
2021-04-04 13:34:56,134 E-pipette connected
2021-04-04 13:36:47,950 Finished

2021-04-04 13:39:37,803 Start...
2021-04-04 13:39:40,015 Com ports: xy_port= COM8, z_port= COM10, modbus_port= COM16, pipette_port= COM4
2021-04-04 13:39:41,244 Z-platform connected
2021-04-04 13:39:42,333 E-pipette connected
2021-04-04 13:58:05,959 Finished

2021-04-04 14:00:29,847 Start...
2021-04-04 14:00:32,407 Com ports: xy_port= COM8, z_port= COM10, modbus_port= COM16, pipette_port= COM4
2021-04-04 14:00:33,663 Z-platform connected
2021-04-04 14:00:34,758 E-pipette connected
2021-04-04 14:03:04,639 Finished

2021-04-04 14:04:29,467 Start...
2021-04-04 14:04:31,703 Com ports: xy_port= COM8, z_port= COM10, modbus_port= COM16, pipette_port= COM4
2021-04-04 14:04:32,935 Z-platform connected
2021-04-04 14:04:34,037 E-pipette connected
2021-04-04 14:05:24,971 Finished

2021-04-04 14:06:13,434 Start...
2021-04-04 14:06:15,779 Com ports: xy_port= COM8, z_port= COM10, modbus_port= COM16, pipette_port= COM4
2021-04-04 14:06:17,025 Z-platform connected
2021-04-04 14:06:18,112 E-pipette connected
2021-04-04 14:11:03,234 Finished

2021-04-04 14:12:05,747 Start...
2021-04-04 14:12:12,130 Com ports: xy_port= COM8, z_port= COM10, modbus_port= COM16, pipette_port= COM4
2021-04-04 14:12:13,363 Z-platform connected
2021-04-04 14:12:14,453 E-pipette connected
2021-04-04 14:15:48,228 Finished

2021-04-04 14:15:54,905 Start...
2021-04-04 14:15:57,350 Com ports: xy_port= COM8, z_port= COM10, modbus_port= COM16, pipette_port= COM4
2021-04-04 14:15:58,591 Z-platform connected
2021-04-04 14:15:59,642 E-pipette connected
2021-04-04 14:20:43,054 Finished

2021-04-04 14:24:32,794 Start...
2021-04-04 14:24:35,016 Com ports: xy_port= COM8, z_port= COM10, modbus_port= COM16, pipette_port= COM4
2021-04-04 14:24:36,250 Z-platform connected
2021-04-04 14:24:37,314 E-pipette connected
2021-04-04 14:31:10,054 Finished

2021-04-04 14:31:15,053 Start...
2021-04-04 14:31:17,695 Com ports: xy_port= COM8, z_port= COM10, modbus_port= COM16, pipette_port= COM4
2021-04-04 14:31:18,944 Z-platform connected
2021-04-04 14:31:19,974 E-pipette connected
2021-04-04 14:33:27,740 Finished

2021-04-04 14:33:31,920 Start...
2021-04-04 14:33:34,340 Com ports: xy_port= COM8, z_port= COM10, modbus_port= COM16, pipette_port= COM4
2021-04-04 14:33:35,589 Z-platform connected
2021-04-04 14:33:36,619 E-pipette connected
2021-04-04 14:35:52,662 Finished

2021-04-04 14:36:18,814 Start...
2021-04-04 14:36:23,090 Com ports: xy_port= COM8, z_port= COM10, modbus_port= COM16, pipette_port= COM4
2021-04-04 14:36:24,319 Z-platform connected
2021-04-04 14:36:25,378 E-pipette connected
2021-04-04 14:44:55,538 Finished

2021-04-04 14:44:59,831 Start...
2021-04-04 14:45:02,327 Com ports: xy_port= COM8, z_port= COM10, modbus_port= COM16, pipette_port= COM4
2021-04-04 14:45:03,560 Z-platform connected
2021-04-04 14:45:04,595 E-pipette connected
2021-04-04 15:02:26,987 Finished

2021-04-04 15:02:59,211 Start...
2021-04-04 15:03:15,464 Finished

2021-04-04 15:03:40,531 Start...
2021-04-04 15:05:33,060 Com ports: xy_port= COM8, z_port= COM10, modbus_port= COM16, pipette_port= COM4
2021-04-04 15:05:34,291 Z-platform connected
2021-04-04 15:05:35,351 E-pipette connected
2021-04-04 15:07:57,882 Finished

2021-04-04 15:09:52,243 Start...
2021-04-04 15:09:54,897 Com ports: xy_port= COM8, z_port= COM10, modbus_port= COM16, pipette_port= COM4
2021-04-04 15:09:56,159 Z-platform connected
2021-04-04 15:09:57,224 E-pipette connected
2021-04-04 15:11:15,549 Finished

2021-04-04 15:13:40,134 Start...
2021-04-04 15:13:42,285 Com ports: xy_port= COM8, z_port= COM10, modbus_port= COM16, pipette_port= COM4
2021-04-04 15:13:43,507 Z-platform connected
2021-04-04 15:13:44,563 E-pipette connected
2021-04-04 15:16:49,405 Finished

2021-04-04 15:16:54,699 Start...
2021-04-04 15:16:57,705 Com ports: xy_port= COM8, z_port= COM10, modbus_port= COM16, pipette_port= COM4
2021-04-04 15:16:58,949 Z-platform connected
2021-04-04 15:16:59,975 E-pipette connected
2021-04-04 15:18:30,707 Finished

2021-04-04 15:18:57,697 Start...
2021-04-04 15:19:00,421 Com ports: xy_port= COM8, z_port= COM10, modbus_port= COM16, pipette_port= COM4
2021-04-04 15:19:01,666 Z-platform connected
2021-04-04 15:19:02,729 E-pipette connected
2021-04-04 15:20:24,163 Finished

2021-04-04 15:21:27,889 Start...
2021-04-04 15:21:31,833 Com ports: xy_port= COM8, z_port= COM10, modbus_port= COM16, pipette_port= COM4
2021-04-04 15:21:33,073 Z-platform connected
2021-04-04 15:21:34,128 E-pipette connected
2021-04-04 15:22:14,717 Finished

2021-04-04 15:23:06,209 Start...
2021-04-04 15:23:09,088 Com ports: xy_port= COM8, z_port= COM10, modbus_port= COM16, pipette_port= COM4
2021-04-04 15:23:10,329 Z-platform connected
2021-04-04 15:23:11,390 E-pipette connected
2021-04-04 15:24:20,774 Finished

2021-04-04 15:24:48,303 Start...
2021-04-04 15:24:50,425 Com ports: xy_port= COM8, z_port= COM10, modbus_port= COM16, pipette_port= COM4
2021-04-04 15:24:51,660 Z-platform connected
2021-04-04 15:24:52,720 E-pipette connected
2021-04-04 15:25:50,696 Finished

2021-04-04 15:25:51,740 Start...
2021-04-04 15:25:54,035 Com ports: xy_port= COM8, z_port= COM10, modbus_port= COM16, pipette_port= COM4
2021-04-04 15:25:55,278 Z-platform connected
2021-04-04 15:25:56,313 E-pipette connected
2021-04-04 15:26:49,208 Finished

2021-04-04 15:29:08,301 Start...
2021-04-04 15:29:10,718 Com ports: xy_port= COM8, z_port= COM10, modbus_port= COM16, pipette_port= COM4
2021-04-04 15:29:11,949 Z-platform connected
2021-04-04 15:29:13,013 E-pipette connected
2021-04-04 15:29:18,009 Finished

2021-04-04 15:29:47,143 Start...
2021-04-04 15:29:50,363 Com ports: xy_port= COM8, z_port= COM10, modbus_port= COM16, pipette_port= COM4
2021-04-04 15:29:51,611 Z-platform connected
2021-04-04 15:29:52,665 E-pipette connected
2021-04-04 15:48:59,771 Finished

2021-04-04 15:50:09,022 Start...
2021-04-04 15:50:18,242 Com ports: xy_port= COM8, z_port= COM10, modbus_port= COM16, pipette_port= COM4
2021-04-04 15:50:19,477 Z-platform connected
2021-04-04 15:50:20,542 E-pipette connected
2021-04-04 20:03:06,815 Start...
2021-04-04 20:04:07,197 Start...
2021-04-04 20:06:50,663 Start...
2021-04-04 20:07:11,117 Finished

2021-04-04 20:07:48,465 Start...
2021-04-04 20:07:57,143 Finished

2021-04-04 20:08:19,848 Start...
2021-04-04 20:08:43,168 Finished

2021-04-04 22:09:13,434 Start...
2021-04-04 22:09:26,991 Finished

2021-04-04 22:11:41,925 Start...
2021-04-04 22:11:48,928 Finished

2021-04-04 22:12:33,950 Start...
2021-04-04 22:13:51,224 Finished

2021-04-04 22:18:19,379 Start...
2021-04-04 22:19:00,477 Finished

2021-04-04 22:21:26,215 Start...
2021-04-04 22:21:33,926 Finished

2021-04-04 22:38:51,332 Start...
2021-04-04 22:41:38,467 Finished

2021-04-04 22:43:48,179 Start...
2021-04-04 22:43:55,395 Finished

2021-04-04 22:44:05,003 Start...
2021-04-04 22:44:18,925 Finished

2021-04-04 22:44:36,792 Start...
2021-04-04 22:44:43,450 Finished

2021-04-04 22:44:53,367 Start...
2021-04-04 22:45:16,516 Finished

2021-04-04 22:45:28,879 Start...
2021-04-04 22:45:37,708 Finished

2021-04-04 22:45:48,376 Start...
2021-04-04 22:46:46,087 Finished

2021-04-04 22:48:29,444 Start...
2021-04-04 22:49:09,730 Finished

2021-04-04 22:49:53,273 Start...
2021-04-04 22:50:10,486 Finished

2021-04-04 22:50:42,975 Start...
2021-04-04 22:50:53,834 Finished

2021-04-04 22:51:11,514 Start...
2021-04-04 22:51:49,296 Finished

2021-04-04 22:53:44,691 Start...
2021-04-04 22:54:12,037 Finished

2021-04-04 22:54:27,158 Start...
2021-04-04 22:55:18,864 Finished

2021-04-04 22:55:28,285 Start...
2021-04-04 22:55:37,324 Finished

2021-04-04 22:55:43,162 Start...
2021-04-04 22:55:49,233 Finished

2021-04-04 22:55:54,533 Start...
2021-04-04 22:56:42,989 Finished

2021-04-04 22:58:57,811 Start...
2021-04-04 22:59:09,329 Finished

2021-04-04 22:59:41,471 Start...
2021-04-04 23:00:04,510 Finished

2021-04-04 23:00:36,365 Start...
2021-04-04 23:02:26,204 Finished

2021-04-04 23:05:34,739 Start...
2021-04-04 23:05:45,492 Finished

2021-04-04 23:06:23,467 Start...
2021-04-04 23:06:33,458 Finished

2021-04-04 23:06:36,205 Start...
2021-04-04 23:06:41,250 Finished

2021-04-04 23:07:27,043 Start...
2021-04-04 23:08:24,790 Finished

2021-04-04 23:15:21,172 Start...
2021-04-04 23:19:15,833 Finished

2021-04-04 23:19:20,177 Start...
2021-04-04 23:19:35,584 Finished

2021-04-04 23:19:40,488 Start...
2021-04-04 23:20:06,768 Finished

2021-04-04 23:20:11,306 Start...
2021-04-04 23:20:33,709 Finished

2021-04-04 23:22:53,929 Start...
2021-04-04 23:23:12,610 Finished

2021-04-04 23:23:24,273 Start...
2021-04-04 23:23:47,825 Finished

2021-04-04 23:23:51,340 Start...
2021-04-04 23:24:03,697 Finished

2021-04-04 23:30:16,471 Start...
2021-04-04 23:30:43,282 Finished

2021-04-04 23:33:23,509 Start...
2021-04-04 23:33:34,605 Finished

2021-04-04 23:33:49,638 Start...
2021-04-04 23:34:57,392 Finished

2021-04-04 23:34:59,788 Start...
2021-04-04 23:35:46,634 Finished

2021-04-04 23:39:29,510 Start...
2021-04-04 23:40:02,554 Finished

2021-04-04 23:41:49,270 Start...
2021-04-04 23:43:43,522 Start...
2021-04-04 23:44:07,505 Finished

2021-04-04 23:47:19,575 Start...
2021-04-04 23:47:44,715 Start...
2021-04-04 23:49:37,000 Finished

2021-04-04 23:52:00,126 Start...
2021-04-04 23:56:06,901 Finished

2021-04-05 00:13:27,687 Start...
2021-04-05 00:15:13,563 Finished

2021-04-05 00:15:17,845 Start...
2021-04-05 00:18:38,544 Finished

2021-04-05 00:18:48,060 Start...
2021-04-05 00:19:00,809 Finished

2021-04-05 00:19:03,601 Start...
2021-04-05 00:21:30,832 Finished

2021-04-05 00:21:32,721 Start...
2021-04-05 00:26:08,788 Finished

2021-04-05 00:27:27,405 Start...
2021-04-05 00:28:48,578 Finished

2021-04-05 00:29:28,771 Start...
2021-04-05 00:39:56,894 Finished

2021-04-05 00:40:32,170 Start...
2021-04-05 00:41:49,268 Finished

2021-04-05 12:27:57,887 Start...
2021-04-05 13:01:40,961 Com ports: xy_port= COM8, z_port= COM10, modbus_port= COM16, pipette_port= COM4
2021-04-05 13:01:42,210 Z-platform connected
2021-04-05 13:01:43,314 E-pipette connected
2021-04-05 13:02:04,169 Finished

2021-04-05 13:17:35,148 Start...
2021-04-05 13:17:37,826 Com ports: xy_port= COM8, z_port= COM10, modbus_port= COM16, pipette_port= COM4
2021-04-05 13:17:39,074 Z-platform connected
2021-04-05 13:17:40,171 E-pipette connected
2021-04-05 13:54:25,504 Finished

2021-04-05 13:55:23,290 Start...
2021-04-05 13:55:26,401 Com ports: xy_port= COM8, z_port= COM10, modbus_port= COM16, pipette_port= COM4
2021-04-05 13:55:27,655 Z-platform connected
2021-04-05 13:55:28,755 E-pipette connected
2021-04-05 13:58:52,071 Finished

2021-04-05 14:00:39,319 Start...
2021-04-05 14:00:42,849 Com ports: xy_port= COM8, z_port= COM10, modbus_port= COM16, pipette_port= COM4
2021-04-05 14:00:44,081 Z-platform connected
2021-04-05 14:00:45,171 E-pipette connected
2021-04-05 14:05:23,107 Finished

2021-04-05 14:05:27,293 Start...
2021-04-05 14:05:35,214 Com ports: xy_port= COM8, z_port= COM10, modbus_port= COM16, pipette_port= COM4
2021-04-05 14:05:36,460 Z-platform connected
2021-04-05 14:05:37,555 E-pipette connected
2021-04-05 14:10:42,057 Finished

2021-04-05 14:12:50,324 Start...
2021-04-05 14:13:08,885 Finished

2021-04-05 14:23:33,381 Start...
2021-04-05 14:23:35,759 Com ports: xy_port= COM8, z_port= COM10, modbus_port= COM16, pipette_port= COM4
2021-04-05 14:23:36,982 Z-platform connected
2021-04-05 14:23:38,067 E-pipette connected
2021-04-05 14:26:23,769 Start...
2021-04-05 14:26:25,800 Com ports: xy_port= COM8, z_port= COM10, modbus_port= COM16, pipette_port= COM4
2021-04-05 14:26:27,042 Z-platform connected
2021-04-05 14:26:28,131 E-pipette connected
2021-04-05 14:30:27,429 Finished

2021-04-05 14:31:03,634 Start...
2021-04-05 14:31:05,694 Com ports: xy_port= COM8, z_port= COM10, modbus_port= COM16, pipette_port= COM4
2021-04-05 14:31:06,931 Z-platform connected
2021-04-05 14:31:08,019 E-pipette connected
2021-04-05 14:32:12,273 Finished

2021-04-05 14:34:39,614 Start...
2021-04-05 14:34:42,106 Com ports: xy_port= COM8, z_port= COM10, modbus_port= COM16, pipette_port= COM4
2021-04-05 14:34:43,355 Z-platform connected
2021-04-05 14:34:44,410 E-pipette connected
2021-04-05 14:36:58,491 Finished

2021-04-05 14:44:53,900 Start...
2021-04-05 14:44:57,035 Finished

2021-04-05 14:53:08,235 Start...
2021-04-05 14:53:11,674 Com ports: xy_port= COM8, z_port= COM10, modbus_port= COM16, pipette_port= COM4
2021-04-05 14:53:12,910 Z-platform connected
2021-04-05 14:53:14,016 E-pipette connected
2021-04-05 14:57:30,838 Finished

2021-04-05 14:57:34,724 Start...
2021-04-05 14:57:39,970 Com ports: xy_port= COM8, z_port= COM13, modbus_port= COM16, pipette_port= COM4
2021-04-05 14:57:40,486 Com ports: xy_port= COM8, z_port= COM13, modbus_port= COM16, pipette_port= COM4
2021-04-05 14:57:41,217 Z-platform connected
2021-04-05 14:57:42,318 E-pipette connected
2021-04-05 14:57:48,150 Com ports: xy_port= COM8, z_port= COM13, modbus_port= COM16, pipette_port= COM4
2021-04-05 14:57:48,983 Com ports: xy_port= COM8, z_port= COM13, modbus_port= COM16, pipette_port= COM4
2021-04-05 14:57:49,397 Z-platform connected
2021-04-05 14:57:49,397 could not open port 'COM16': PermissionError(13, '拒绝访问。', None, 5)
2021-04-05 14:57:50,420 could not open port 'COM16': PermissionError(13, '拒绝访问。', None, 5)
2021-04-05 14:57:51,441 could not open port 'COM16': PermissionError(13, '拒绝访问。', None, 5)
2021-04-05 14:57:52,446 could not open port 'COM16': PermissionError(13, '拒绝访问。', None, 5)
2021-04-05 14:57:53,457 could not open port 'COM16': PermissionError(13, '拒绝访问。', None, 5)
2021-04-05 14:57:54,470 could not open port 'COM16': FileNotFoundError(2, '系统找不到指定的文件。', None, 2)
2021-04-05 14:57:55,487 Modbus connection failed
2021-04-05 14:58:02,457 Finished

2021-04-05 14:58:09,791 Start...
2021-04-05 14:58:14,789 Com ports: xy_port= COM8, z_port= COM10, modbus_port= COM16, pipette_port= COM4
2021-04-05 14:58:16,033 Z-platform connected
2021-04-05 14:58:17,052 E-pipette connected
2021-04-05 15:02:46,030 Finished

2021-04-05 15:02:52,843 Start...
2021-04-05 15:03:07,376 Com ports: xy_port= COM8, z_port= COM10, modbus_port= COM16, pipette_port= COM4
2021-04-05 15:03:08,614 Z-platform connected
2021-04-05 15:03:09,639 E-pipette connected
2021-04-05 15:09:26,490 Finished

2021-04-05 17:09:14,535 Start...
2021-04-05 17:09:54,419 Finished

2021-04-05 17:22:22,684 Start...
2021-04-05 17:22:32,660 Finished

2021-04-05 17:22:51,072 Start...
2021-04-05 17:22:58,015 Finished

2021-04-05 17:23:04,121 Start...
2021-04-05 17:23:11,389 Finished

2021-04-05 17:23:35,560 Start...
2021-04-05 17:23:40,384 Finished

2021-04-05 17:36:34,913 Start...
2021-04-05 17:39:59,018 Finished

2021-04-05 17:39:59,979 Start...
2021-04-05 17:40:17,110 Finished

2021-04-05 17:40:36,881 Start...
2021-04-05 17:40:43,235 Com ports: xy_port= None, z_port= None, modbus_port= None, pipette_port= None
2021-04-05 17:43:36,082 Finished

2021-04-05 17:43:39,287 Start...
2021-04-05 17:43:42,620 Com ports: xy_port= None, z_port= None, modbus_port= None, pipette_port= None
2021-04-05 17:43:47,094 Com ports: xy_port= None, z_port= None, modbus_port= None, pipette_port= None
2021-04-05 17:43:49,609 Com ports: xy_port= None, z_port= None, modbus_port= None, pipette_port= None
2021-04-05 17:44:34,268 Finished

2021-04-05 21:11:39,602 Start...
2021-04-05 21:20:50,854 Finished

2021-04-05 21:21:30,762 Start...
2021-04-05 21:21:45,721 Finished

2021-04-05 21:22:07,498 Start...
2021-04-05 21:23:54,341 Finished

2021-04-05 21:25:23,586 Start...
2021-04-05 21:25:33,721 Finished

2021-04-05 21:27:40,521 Start...
2021-04-05 21:28:26,555 Start...
2021-04-05 21:28:36,270 Finished

2021-04-05 21:37:15,238 Start...
2021-04-05 21:38:06,288 Finished

2021-04-05 21:44:26,079 Start...
2021-04-05 21:51:24,233 Finished

2021-04-05 21:51:26,591 Start...
2021-04-05 21:55:59,452 Finished

2021-04-05 21:56:03,304 Start...
2021-04-05 21:59:58,871 Finished

2021-04-05 22:00:01,452 Start...
2021-04-05 22:00:27,462 Finished

2021-04-05 22:00:29,451 Start...
2021-04-05 22:02:31,781 Finished

2021-04-06 10:52:34,258 Start...
2021-04-06 10:52:38,160 Com ports: xy_port= COM8, z_port= COM13, modbus_port= COM16, pipette_port= COM4
2021-04-06 10:52:39,413 Z-platform connected
2021-04-06 10:52:40,506 E-pipette connected
2021-04-06 11:01:04,322 Finished

2021-04-06 11:15:33,418 Start...
2021-04-06 11:15:36,554 Com ports: xy_port= COM8, z_port= COM10, modbus_port= COM16, pipette_port= COM4
2021-04-06 11:15:37,816 Z-platform connected
2021-04-06 11:15:38,911 E-pipette connected
2021-04-06 11:16:31,405 Finished

2021-04-06 11:17:16,572 Start...
2021-04-06 11:17:18,620 Com ports: xy_port= COM8, z_port= COM10, modbus_port= COM16, pipette_port= COM4
2021-04-06 11:17:19,863 Z-platform connected
2021-04-06 11:17:20,960 E-pipette connected
2021-04-06 11:31:19,836 Finished

2021-04-06 11:31:24,464 Start...
2021-04-06 11:31:47,391 Com ports: xy_port= COM8, z_port= COM10, modbus_port= COM16, pipette_port= COM4
2021-04-06 11:31:48,637 Z-platform connected
2021-04-06 11:31:49,733 E-pipette connected
2021-04-06 11:46:15,605 Finished

2021-04-06 11:49:19,053 Start...
2021-04-06 11:49:26,160 Com ports: xy_port= COM8, z_port= COM10, modbus_port= COM16, pipette_port= COM4
2021-04-06 11:49:27,414 Z-platform connected
2021-04-06 11:49:28,514 E-pipette connected
2021-04-06 11:52:15,234 Finished

2021-04-06 11:53:34,669 Start...
2021-04-06 11:53:37,624 Com ports: xy_port= COM8, z_port= COM10, modbus_port= COM16, pipette_port= COM4
2021-04-06 11:53:38,855 Z-platform connected
2021-04-06 11:53:39,941 E-pipette connected
2021-04-06 12:10:53,664 Finished

2021-04-06 12:43:50,918 Start...
2021-04-06 12:44:23,462 Com ports: xy_port= COM8, z_port= COM10, modbus_port= COM16, pipette_port= COM4
2021-04-06 12:44:24,709 Z-platform connected
2021-04-06 12:44:25,815 E-pipette connected
2021-04-06 12:46:32,938 Finished

2021-04-06 12:46:35,556 Start...
2021-04-06 12:46:37,887 Com ports: xy_port= COM8, z_port= COM10, modbus_port= COM16, pipette_port= COM4
2021-04-06 12:46:39,145 Z-platform connected
2021-04-06 12:46:40,171 E-pipette connected
2021-04-06 12:50:07,391 Finished

2021-04-06 12:51:18,542 Start...
2021-04-06 12:51:21,874 Com ports: xy_port= COM8, z_port= COM10, modbus_port= COM16, pipette_port= COM4
2021-04-06 12:51:23,110 Z-platform connected
2021-04-06 12:51:24,212 E-pipette connected
2021-04-06 12:51:44,361 Com ports: xy_port= COM8, z_port= COM10, modbus_port= COM16, pipette_port= COM4
2021-04-06 12:51:45,609 Z-platform connected
2021-04-06 12:51:46,642 E-pipette connected
2021-04-06 13:04:39,605 Finished

2021-04-06 13:07:36,541 Start...
2021-04-06 13:07:39,068 Com ports: xy_port= COM8, z_port= COM10, modbus_port= COM16, pipette_port= COM4
2021-04-06 13:07:40,299 Z-platform connected
2021-04-06 13:07:41,401 E-pipette connected
2021-04-06 13:09:31,264 Finished

2021-04-06 13:09:52,218 Start...
2021-04-06 13:09:54,609 Com ports: xy_port= COM8, z_port= COM10, modbus_port= COM16, pipette_port= COM4
2021-04-06 13:09:55,868 Z-platform connected
2021-04-06 13:09:56,958 E-pipette connected
2021-04-06 13:11:16,930 Finished

2021-04-06 13:12:06,531 Start...
2021-04-06 13:12:09,266 Com ports: xy_port= COM8, z_port= COM10, modbus_port= COM16, pipette_port= COM4
2021-04-06 13:12:10,507 Z-platform connected
2021-04-06 13:12:11,611 E-pipette connected
2021-04-06 13:15:02,276 Finished

2021-04-06 13:15:47,660 Start...
2021-04-06 13:15:50,053 Com ports: xy_port= COM8, z_port= COM10, modbus_port= COM16, pipette_port= COM4
2021-04-06 13:15:51,308 Z-platform connected
2021-04-06 13:15:52,403 E-pipette connected
2021-04-06 13:16:46,057 Finished

2021-04-06 13:17:52,230 Start...
2021-04-06 13:17:55,141 Com ports: xy_port= COM8, z_port= COM10, modbus_port= COM16, pipette_port= COM4
2021-04-06 13:17:56,393 Z-platform connected
2021-04-06 13:17:57,494 E-pipette connected
2021-04-06 13:19:00,449 Finished

2021-04-06 13:19:24,495 Start...
2021-04-06 13:19:26,578 Com ports: xy_port= COM8, z_port= COM10, modbus_port= COM16, pipette_port= COM4
2021-04-06 13:19:27,825 Z-platform connected
2021-04-06 13:19:28,927 E-pipette connected
2021-04-06 13:21:48,154 Finished

2021-04-06 13:21:51,900 Start...
2021-04-06 13:21:54,248 Com ports: xy_port= COM8, z_port= COM10, modbus_port= COM16, pipette_port= COM4
2021-04-06 13:21:55,492 Z-platform connected
2021-04-06 13:21:56,515 E-pipette connected
2021-04-06 13:24:38,381 Finished

2021-04-06 13:25:29,141 Start...
2021-04-06 13:25:32,407 Com ports: xy_port= COM8, z_port= COM10, modbus_port= COM16, pipette_port= COM4
2021-04-06 13:25:33,643 Z-platform connected
2021-04-06 13:25:34,740 E-pipette connected
2021-04-06 13:26:16,165 Finished

2021-04-06 13:26:55,194 Start...
2021-04-06 13:26:57,054 Com ports: xy_port= COM8, z_port= COM10, modbus_port= COM16, pipette_port= COM4
2021-04-06 13:26:58,300 Z-platform connected
2021-04-06 13:26:59,394 E-pipette connected
2021-04-06 13:27:58,197 Finished

2021-04-06 13:28:56,808 Start...
2021-04-06 13:28:58,494 Com ports: xy_port= COM8, z_port= COM10, modbus_port= COM16, pipette_port= COM4
2021-04-06 13:28:59,756 Z-platform connected
2021-04-06 13:29:00,851 E-pipette connected
2021-04-06 13:38:41,417 Finished

2021-04-06 13:40:00,190 Start...
2021-04-06 13:40:01,880 Com ports: xy_port= COM8, z_port= COM10, modbus_port= COM16, pipette_port= COM4
2021-04-06 13:40:03,134 Z-platform connected
2021-04-06 13:40:04,233 E-pipette connected
2021-04-06 13:43:27,957 Finished

2021-04-06 13:43:30,229 Start...
2021-04-06 13:43:32,128 Com ports: xy_port= COM8, z_port= COM10, modbus_port= COM16, pipette_port= COM4
2021-04-06 13:43:33,381 Z-platform connected
2021-04-06 13:43:34,407 E-pipette connected
2021-04-06 13:45:24,039 Finished

2021-04-06 13:45:30,440 Start...
2021-04-06 13:45:35,263 Com ports: xy_port= COM8, z_port= COM10, modbus_port= COM16, pipette_port= COM4
2021-04-06 13:45:36,508 Z-platform connected
2021-04-06 13:45:37,564 E-pipette connected
2021-04-06 13:54:14,717 Finished

2021-04-06 13:54:19,658 Start...
2021-04-06 13:54:22,812 Com ports: xy_port= COM8, z_port= COM10, modbus_port= COM16, pipette_port= COM4
2021-04-06 13:54:24,063 Z-platform connected
2021-04-06 13:54:25,079 E-pipette connected
2021-04-06 13:55:34,026 Finished

2021-04-06 13:55:45,513 Start...
2021-04-06 13:55:48,382 Com ports: xy_port= COM8, z_port= COM10, modbus_port= COM16, pipette_port= COM4
2021-04-06 13:55:49,616 Z-platform connected
2021-04-06 13:55:50,680 E-pipette connected
2021-04-06 13:59:33,575 Finished

2021-04-06 13:59:53,904 Start...
2021-04-06 13:59:56,150 Com ports: xy_port= COM8, z_port= COM10, modbus_port= COM16, pipette_port= COM4
2021-04-06 13:59:57,403 Z-platform connected
2021-04-06 13:59:58,465 E-pipette connected
2021-04-06 14:02:01,831 Finished

2021-04-06 14:03:58,784 Start...
2021-04-06 14:04:00,935 Com ports: xy_port= COM8, z_port= COM10, modbus_port= COM16, pipette_port= COM4
2021-04-06 14:04:02,174 Z-platform connected
2021-04-06 14:04:03,228 E-pipette connected
2021-04-06 14:05:26,870 Finished

2021-04-06 14:11:15,010 Start...
2021-04-06 14:11:17,798 Com ports: xy_port= COM8, z_port= COM10, modbus_port= COM16, pipette_port= COM4
2021-04-06 14:11:19,045 Z-platform connected
2021-04-06 14:11:20,112 E-pipette connected
2021-04-06 14:12:50,078 Finished

2021-04-06 14:12:51,190 Start...
2021-04-06 14:12:52,831 Com ports: xy_port= COM8, z_port= COM10, modbus_port= COM16, pipette_port= COM4
2021-04-06 14:12:54,080 Z-platform connected
2021-04-06 14:12:55,106 E-pipette connected
2021-04-06 14:16:12,516 Finished

2021-04-06 14:16:17,239 Start...
2021-04-06 14:16:19,277 Com ports: xy_port= COM8, z_port= COM10, modbus_port= COM16, pipette_port= COM4
2021-04-06 14:16:20,534 Z-platform connected
2021-04-06 14:16:21,569 E-pipette connected
2021-04-06 14:29:42,146 Finished

2021-04-06 14:29:48,052 Start...
2021-04-06 14:29:55,071 Com ports: xy_port= COM8, z_port= COM10, modbus_port= COM16, pipette_port= COM4
2021-04-06 14:29:56,307 Z-platform connected
2021-04-06 14:29:57,367 E-pipette connected
2021-04-06 15:13:37,801 Finished

2021-04-06 15:14:42,092 Start...
2021-04-06 15:14:44,314 Com ports: xy_port= COM8, z_port= COM10, modbus_port= COM16, pipette_port= COM4
2021-04-06 15:14:45,571 Z-platform connected
2021-04-06 15:14:46,627 E-pipette connected
2021-04-06 15:18:37,700 Finished

2021-04-06 15:18:42,239 Start...
2021-04-06 15:19:05,246 Com ports: xy_port= COM8, z_port= COM10, modbus_port= COM16, pipette_port= COM4
2021-04-06 15:19:06,488 Z-platform connected
2021-04-06 15:19:07,556 E-pipette connected
2021-04-06 15:34:26,677 Finished

2021-04-06 15:42:19,493 Start...
2021-04-06 15:42:23,120 Com ports: xy_port= COM8, z_port= COM10, modbus_port= COM16, pipette_port= COM4
2021-04-06 15:42:24,381 Z-platform connected
2021-04-06 15:42:25,480 E-pipette connected
2021-04-06 15:45:11,376 Finished

2021-04-06 15:45:18,654 Start...
2021-04-06 15:50:20,336 Finished

2021-04-06 16:02:09,179 Start...
2021-04-06 16:03:11,612 Com ports: xy_port= COM8, z_port= COM10, modbus_port= COM16, pipette_port= COM4
2021-04-06 16:03:12,875 Z-platform connected
2021-04-06 16:03:13,972 E-pipette connected
2021-04-06 16:16:13,088 Finished

2021-04-06 16:21:15,633 Start...
2021-04-06 16:21:18,170 Com ports: xy_port= COM8, z_port= COM10, modbus_port= COM16, pipette_port= COM4
2021-04-06 16:21:19,435 Z-platform connected
2021-04-06 16:21:20,530 E-pipette connected
2021-04-06 16:23:38,731 Finished

