2021-03-21 20:16:17,888 Start...
2021-03-21 20:17:05,525 Com ports: xy_port= COM5, z_port= COM11, modbus_port= COM16, pipette_port= COM4
2021-03-21 20:17:06,773 Z-platform connected
2021-03-21 20:17:07,873 E-pipette connected
2021-03-21 20:21:46,612 Finished

2021-03-21 20:23:07,387 Start...
2021-03-21 20:23:17,209 Com ports: xy_port= COM5, z_port= COM11, modbus_port= COM16, pipette_port= COM4
2021-03-21 20:23:18,440 Z-platform connected
2021-03-21 20:23:19,544 E-pipette connected
2021-03-21 20:23:45,461 Finished

2021-03-21 20:24:38,665 Start...
2021-03-21 20:24:59,889 Finished

2021-03-21 20:25:13,218 Start...
2021-03-21 20:25:16,614 Com ports: xy_port= COM5, z_port= COM11, modbus_port= COM16, pipette_port= COM4
2021-03-21 20:25:17,846 Z-platform connected
2021-03-21 20:25:18,952 E-pipette connected
2021-03-21 20:30:40,043 Finished

2021-03-21 20:30:45,846 Start...
2021-03-21 20:30:48,919 Com ports: xy_port= COM5, z_port= COM11, modbus_port= COM16, pipette_port= COM4
2021-03-21 20:30:50,168 Z-platform connected
2021-03-21 20:30:51,267 E-pipette connected
2021-03-21 20:33:52,415 Finished

2021-03-21 20:33:56,671 Start...
2021-03-21 20:34:11,513 Com ports: xy_port= COM5, z_port= COM11, modbus_port= COM16, pipette_port= COM4
2021-03-21 20:34:12,755 Z-platform connected
2021-03-21 20:34:13,865 E-pipette connected
2021-03-21 20:43:30,513 Finished

2021-03-21 20:48:08,764 Start...
2021-03-21 20:48:27,382 Com ports: xy_port= COM5, z_port= COM11, modbus_port= COM16, pipette_port= COM4
2021-03-21 20:48:28,616 Z-platform connected
2021-03-21 20:48:29,726 E-pipette connected
2021-03-21 21:20:55,868 Finished

2021-03-21 23:24:09,618 Start...
2021-03-21 23:24:30,336 Finished

2021-03-21 23:25:08,963 Start...
2021-03-21 23:25:28,910 Finished

2021-03-21 23:25:45,630 Start...
2021-03-21 23:26:16,763 Finished

2021-03-21 23:27:43,008 Start...
2021-03-21 23:27:50,916 Finished

2021-03-21 23:28:49,600 Start...
2021-03-21 23:35:00,549 Finished

2021-03-21 23:35:04,204 Start...
2021-03-21 23:35:12,593 Finished

2021-03-21 23:38:30,713 Start...
2021-03-21 23:43:14,340 Finished

2021-03-21 23:43:52,069 Start...
2021-03-21 23:44:01,039 Finished

2021-03-21 23:44:27,838 Start...
2021-03-21 23:46:35,367 Finished

2021-03-21 23:47:11,272 Start...
2021-03-21 23:48:00,851 Finished

2021-03-21 23:50:29,752 Start...
2021-03-21 23:50:41,462 Finished

2021-03-21 23:50:57,117 Start...
2021-03-21 23:51:13,434 Finished

2021-03-21 23:51:24,395 Start...
2021-03-21 23:52:34,289 Finished

2021-03-21 23:53:13,984 Start...
2021-03-21 23:53:29,067 Finished

2021-03-21 23:54:08,101 Start...
2021-03-21 23:55:28,075 Finished

2021-03-22 10:10:02,649 Start...
2021-03-22 10:10:07,903 Com ports: xy_port= COM5, z_port= COM11, modbus_port= COM16, pipette_port= COM4
2021-03-22 10:10:09,128 Z-platform connected
2021-03-22 10:10:10,223 E-pipette connected
2021-03-22 14:14:43,302 Finished

2021-03-22 14:38:15,259 Start...
2021-03-22 14:38:18,401 Com ports: xy_port= COM5, z_port= COM11, modbus_port= COM16, pipette_port= COM4
2021-03-22 14:38:19,622 Z-platform connected
2021-03-22 14:38:20,709 E-pipette connected
2021-03-22 14:58:39,283 Finished

2021-03-22 15:25:59,606 Start...
2021-03-22 15:26:12,463 Com ports: xy_port= COM5, z_port= COM11, modbus_port= COM16, pipette_port= COM4
2021-03-22 15:26:13,709 Z-platform connected
2021-03-22 15:26:14,773 E-pipette connected
2021-03-22 15:27:51,783 Finished

2021-03-22 15:27:57,201 Start...
2021-03-22 15:28:00,209 Com ports: xy_port= COM5, z_port= COM11, modbus_port= COM16, pipette_port= COM4
2021-03-22 15:28:01,435 Z-platform connected
2021-03-22 15:28:02,452 E-pipette connected
2021-03-22 15:31:17,294 Finished

2021-03-22 15:31:24,395 Start...
2021-03-22 15:31:27,642 Com ports: xy_port= COM5, z_port= COM11, modbus_port= COM16, pipette_port= COM4
2021-03-22 15:31:28,862 Z-platform connected
2021-03-22 15:31:29,917 E-pipette connected
2021-03-22 15:32:39,179 Finished

2021-03-22 15:32:44,819 Start...
2021-03-22 15:32:47,068 Com ports: xy_port= COM5, z_port= COM11, modbus_port= COM16, pipette_port= COM4
2021-03-22 15:32:48,314 Z-platform connected
2021-03-22 15:32:49,335 E-pipette connected
2021-03-22 15:49:10,211 Finished

2021-03-22 15:50:32,438 Start...
2021-03-22 15:51:13,885 Finished

2021-03-22 15:54:55,835 Start...
2021-03-22 15:55:16,990 Com ports: xy_port= COM5, z_port= COM11, modbus_port= COM16, pipette_port= COM4
2021-03-22 15:55:18,223 Z-platform connected
2021-03-22 15:55:19,289 E-pipette connected
2021-03-22 16:13:25,970 Finished

2021-03-22 16:13:30,554 Start...
2021-03-22 16:13:32,943 Com ports: xy_port= COM5, z_port= COM11, modbus_port= COM16, pipette_port= COM4
2021-03-22 16:13:34,192 Z-platform connected
2021-03-22 16:13:35,219 E-pipette connected
2021-03-22 17:38:29,600 Finished

2021-03-22 21:25:26,522 Start...
2021-03-22 21:25:31,036 Com ports: xy_port= COM5, z_port= COM11, modbus_port= COM16, pipette_port= COM4
2021-03-22 21:25:32,285 Z-platform connected
2021-03-22 21:25:33,336 E-pipette connected
2021-03-22 21:35:36,516 Finished

2021-03-22 21:35:38,725 Start...
2021-03-22 21:35:40,915 Com ports: xy_port= COM5, z_port= COM11, modbus_port= COM16, pipette_port= COM4
2021-03-22 21:35:42,153 Z-platform connected
2021-03-22 21:35:43,177 E-pipette connected
2021-03-22 21:41:46,489 Finished

2021-03-22 21:44:15,183 Start...
2021-03-22 21:44:18,849 Com ports: xy_port= COM5, z_port= COM11, modbus_port= COM16, pipette_port= COM4
2021-03-22 21:44:20,071 Z-platform connected
2021-03-22 21:44:21,105 E-pipette connected
2021-03-22 21:55:53,326 Finished

2021-03-22 23:46:49,688 Start...
2021-03-22 23:47:39,500 Com ports: xy_port= COM5, z_port= COM11, modbus_port= COM16, pipette_port= COM4
2021-03-22 23:47:40,741 Z-platform connected
2021-03-22 23:47:41,804 E-pipette connected
2021-03-22 23:52:28,152 Finished

2021-03-22 23:54:49,575 Start...
2021-03-22 23:54:52,524 Com ports: xy_port= COM5, z_port= COM11, modbus_port= COM16, pipette_port= COM4
2021-03-22 23:54:53,756 Z-platform connected
2021-03-22 23:54:54,810 E-pipette connected
2021-03-22 23:58:59,083 Finished

2021-03-22 23:59:00,100 Start...
2021-03-22 23:59:02,181 Com ports: xy_port= COM5, z_port= COM11, modbus_port= COM16, pipette_port= COM4
2021-03-22 23:59:03,408 Z-platform connected
2021-03-22 23:59:04,414 E-pipette connected
2021-03-23 00:11:02,699 Finished

2021-03-23 00:18:46,028 Start...
2021-03-23 00:18:48,431 Finished

2021-03-23 00:33:42,238 Start...
2021-03-23 00:33:45,024 Com ports: xy_port= COM5, z_port= COM11, modbus_port= COM16, pipette_port= COM4
2021-03-23 00:33:46,261 Z-platform connected
2021-03-23 00:33:47,284 E-pipette connected
2021-03-23 00:51:57,282 Finished

2021-03-23 00:51:58,483 Start...
2021-03-23 00:52:00,723 Com ports: xy_port= COM5, z_port= COM11, modbus_port= COM16, pipette_port= COM4
2021-03-23 00:52:01,966 Z-platform connected
2021-03-23 00:52:02,990 E-pipette connected
2021-03-23 01:11:45,449 Finished

2021-03-23 01:11:48,448 Start...
2021-03-23 01:13:03,815 Com ports: xy_port= COM5, z_port= COM11, modbus_port= COM16, pipette_port= COM4
2021-03-23 01:13:05,046 Z-platform connected
2021-03-23 01:13:06,112 E-pipette connected
2021-03-23 01:16:02,190 Finished

2021-03-23 01:16:05,083 Start...
2021-03-23 01:16:06,877 Com ports: xy_port= COM5, z_port= COM11, modbus_port= COM16, pipette_port= COM4
2021-03-23 01:16:08,126 Z-platform connected
2021-03-23 01:16:09,132 E-pipette connected
2021-03-23 01:18:34,591 Start...
2021-03-23 01:18:39,731 Com ports: xy_port= COM5, z_port= COM11, modbus_port= COM16, pipette_port= COM4
2021-03-23 01:18:40,971 Z-platform connected
2021-03-23 01:18:42,021 E-pipette connected
2021-03-23 01:26:43,529 Finished

2021-03-23 01:30:45,889 Start...
2021-03-23 01:30:48,516 Com ports: xy_port= COM5, z_port= COM11, modbus_port= COM16, pipette_port= COM4
2021-03-23 01:30:49,732 Z-platform connected
2021-03-23 01:30:50,768 E-pipette connected
2021-03-23 01:36:42,698 Finished

2021-03-23 01:36:45,861 Start...
2021-03-23 01:36:48,221 Com ports: xy_port= COM5, z_port= COM11, modbus_port= COM16, pipette_port= COM4
2021-03-23 01:36:49,468 Z-platform connected
2021-03-23 01:36:50,468 E-pipette connected
2021-03-23 01:48:48,481 Finished

2021-03-23 01:51:45,842 Start...
2021-03-23 01:51:49,937 Com ports: xy_port= COM5, z_port= COM11, modbus_port= COM16, pipette_port= COM4
2021-03-23 01:51:51,180 Z-platform connected
2021-03-23 01:51:52,233 E-pipette connected
2021-03-23 01:56:43,232 Finished

2021-03-23 01:56:46,075 Start...
2021-03-23 01:56:55,399 Com ports: xy_port= COM5, z_port= COM11, modbus_port= COM16, pipette_port= COM4
2021-03-23 01:56:56,642 Z-platform connected
2021-03-23 01:56:57,697 E-pipette connected
2021-03-23 02:06:27,915 Finished

2021-03-23 02:34:19,056 Start...
2021-03-23 02:35:13,282 Finished

2021-03-23 02:35:15,373 Start...
2021-03-23 02:35:28,024 Finished

2021-03-23 02:35:49,002 Start...
2021-03-23 02:36:06,380 Finished

2021-03-23 02:36:40,215 Start...
2021-03-23 02:43:54,166 Finished

2021-03-23 02:46:12,935 Start...
2021-03-23 02:46:31,263 Finished

2021-03-23 02:48:27,833 Start...
2021-03-23 02:50:31,839 Com ports: xy_port= None, z_port= None, modbus_port= None, pipette_port= None
2021-03-23 02:53:10,898 Finished

2021-03-23 02:53:16,491 Start...
2021-03-23 02:55:00,973 Finished

2021-03-23 02:55:55,485 Start...
2021-03-23 02:57:25,690 Finished

2021-03-23 02:57:32,750 Start...
2021-03-23 02:57:47,521 Finished

2021-03-23 02:58:39,250 Start...
2021-03-23 03:01:56,624 Finished

2021-03-23 15:48:28,959 Start...
2021-03-23 15:48:32,110 Com ports: xy_port= COM5, z_port= COM11, modbus_port= COM16, pipette_port= COM4
2021-03-23 15:48:33,329 Z-platform connected
2021-03-23 15:48:34,383 E-pipette connected
2021-03-23 16:01:09,584 Finished

2021-03-23 16:01:12,484 Start...
2021-03-23 16:01:15,273 Com ports: xy_port= COM5, z_port= COM11, modbus_port= COM16, pipette_port= COM4
2021-03-23 16:01:16,524 Z-platform connected
2021-03-23 16:01:17,544 E-pipette connected
2021-03-23 16:05:16,593 Finished

2021-03-23 16:05:20,109 Start...
2021-03-23 16:05:22,833 Com ports: xy_port= COM5, z_port= COM11, modbus_port= COM16, pipette_port= COM4
2021-03-23 16:05:24,080 Z-platform connected
2021-03-23 16:05:25,104 E-pipette connected
2021-03-23 16:14:27,307 Finished

