2021-09-12 10:15:04,420 Com ports: xy_port= COM5, z_port= COM16, gripper_port= COM6, pipette_port= COM9
2021-09-12 10:29:15,757 Run 1 of 1, transfer cap for reactor@ A1
2021-09-12 10:29:31,271 Finished**************

2021-09-12 10:44:56,079 Com ports: xy_port= COM5, z_port= COM16, gripper_port= COM6, pipette_port= COM9
2021-09-12 11:23:16,269 Simulation mode （模拟运行模式）..........................................................
2021-09-12 11:23:16,285 Reaction No. 1 of 3, (tracking number: 09/12/2021/11:23/1)
2021-09-12 11:23:16,285 Transfer AcOH (pure_liquid, 0.0057 mL) from vial@ (C4, C1), to reactor@ A1 ...
2021-09-12 11:23:16,348 Transfer MeOH (pure_liquid, 1.0 mL) from vial@ (C2, B2), to reactor@ A1 ...
2021-09-12 11:23:16,410 Transfer Phenethylamine (pure_liquid, 0.0109 mL) from vial@ (False, A3), to reactor@ A1 ...
2021-09-12 11:23:16,473 Transfer Cyclobutanone (pure_liquid, 0.0102 mL) from vial@ (C4, A2), to reactor@ A1 ...
2021-09-12 11:23:16,535 Transfer NaBH3CN (solution, 0.5 mL) from vial@ (A2, A1), to reactor@ A1 ...
2021-09-12 11:23:16,606 Add cap to reactor@ A1
2021-09-12 11:23:16,615  
2021-09-12 11:23:16,623 Reaction No. 2 of 3, (tracking number: 09/12/2021/11:23/2)
2021-09-12 11:23:16,628 Transfer AcOH (pure_liquid, 0.0057 mL) from vial@ (C4, C1), to reactor@ A2 ...
2021-09-12 11:23:16,691 Transfer MeOH (pure_liquid, 1.0 mL) from vial@ (C2, B2), to reactor@ A2 ...
2021-09-12 11:23:16,753 Transfer Isopropylaniline (pure_liquid, 0.0109 mL) from vial@ (False, B1), to reactor@ A2 ...
2021-09-12 11:23:16,830 Transfer p-anisaldehyde (pure_liquid, 0.0102 mL) from vial@ (C4, B3), to reactor@ A2 ...
2021-09-12 11:23:16,909 Transfer NaBH3CN (solution, 0.5 mL) from vial@ (A2, A1), to reactor@ A2 ...
2021-09-12 11:23:16,971 Add cap to reactor@ A2
2021-09-12 11:23:16,987  
2021-09-12 11:23:17,002 Reaction No. 3 of 3, (tracking number: 09/12/2021/11:23/3)
2021-09-12 11:23:17,002 Transfer AcOH (pure_liquid, 0.0057 mL) from vial@ (C4, C1), to reactor@ A3 ...
2021-09-12 11:23:17,080 Transfer MeOH (pure_liquid, 1.0 mL) from vial@ (C2, B2), to reactor@ A3 ...
2021-09-12 11:23:17,144 Transfer Aniline (pure_liquid, 0.0109 mL) from vial@ (False, B2), to reactor@ A3 ...
2021-09-12 11:23:17,207 Transfer Hexanal (pure_liquid, 0.0102 mL) from vial@ (C4, B1), to reactor@ A3 ...
2021-09-12 11:23:17,269 Transfer NaBH3CN (solution, 0.5 mL) from vial@ (A2, A1), to reactor@ A3 ...
2021-09-12 11:23:17,332 Add cap to reactor@ A3
2021-09-12 11:23:17,347  
2021-09-12 11:23:17,347 *Finished*

2021-09-12 11:23:17,363 Synthesis plan was parsed successfully! All reagents have been located.
2021-09-12 11:23:17,363 Required plates: plate_50mL:003, plate_10mL:001, plate_10mL:002, plate_50mL:001

2021-09-12 11:23:17,363 Warning: unassigned plates: plate_10mL:002

2021-09-12 11:23:17,363 End of simulation..................................................................

2021-09-12 11:23:50,463 Simulation mode （模拟运行模式）..........................................................
2021-09-12 11:23:50,464 Reaction No. 1 of 3, (tracking number: 09/12/2021/11:23/1)
2021-09-12 11:23:50,466 Transfer AcOH (pure_liquid, 0.0057 mL) from vial@ (C4, C1), to reactor@ A1 ...
2021-09-12 11:23:50,526 Transfer MeOH (pure_liquid, 1.0 mL) from vial@ (C2, B2), to reactor@ A1 ...
2021-09-12 11:23:50,596 Transfer Phenethylamine (pure_liquid, 0.0109 mL) from vial@ (False, A3), to reactor@ A1 ...
2021-09-12 11:23:50,656 Transfer Cyclobutanone (pure_liquid, 0.0102 mL) from vial@ (C4, A2), to reactor@ A1 ...
2021-09-12 11:23:50,734 Transfer NaBH3CN (solution, 0.5 mL) from vial@ (A2, A1), to reactor@ A1 ...
2021-09-12 11:23:50,812  
2021-09-12 11:23:50,812 Reaction No. 2 of 3, (tracking number: 09/12/2021/11:23/2)
2021-09-12 11:23:50,827 Transfer AcOH (pure_liquid, 0.0057 mL) from vial@ (C4, C1), to reactor@ A2 ...
2021-09-12 11:23:50,890 Transfer MeOH (pure_liquid, 1.0 mL) from vial@ (C2, B2), to reactor@ A2 ...
2021-09-12 11:23:50,968 Transfer Isopropylaniline (pure_liquid, 0.0109 mL) from vial@ (False, B1), to reactor@ A2 ...
2021-09-12 11:23:51,030 Transfer p-anisaldehyde (pure_liquid, 0.0102 mL) from vial@ (C4, B3), to reactor@ A2 ...
2021-09-12 11:23:51,104 Transfer NaBH3CN (solution, 0.5 mL) from vial@ (A2, A1), to reactor@ A2 ...
2021-09-12 11:23:51,171  
2021-09-12 11:23:51,187 Reaction No. 3 of 3, (tracking number: 09/12/2021/11:23/3)
2021-09-12 11:23:51,187 Transfer AcOH (pure_liquid, 0.0057 mL) from vial@ (C4, C1), to reactor@ A3 ...
2021-09-12 11:23:51,249 Transfer MeOH (pure_liquid, 1.0 mL) from vial@ (C2, B2), to reactor@ A3 ...
2021-09-12 11:23:51,312 Transfer Aniline (pure_liquid, 0.0109 mL) from vial@ (False, B2), to reactor@ A3 ...
2021-09-12 11:23:51,374 Transfer Hexanal (pure_liquid, 0.0102 mL) from vial@ (C4, B1), to reactor@ A3 ...
2021-09-12 11:23:51,437 Transfer NaBH3CN (solution, 0.5 mL) from vial@ (A2, A1), to reactor@ A3 ...
2021-09-12 11:23:51,499  
2021-09-12 11:23:51,515 *Finished*

2021-09-12 11:23:51,530 Synthesis plan was parsed successfully! All reagents have been located.
2021-09-12 11:23:51,530 Required plates: plate_50mL:003, plate_10mL:001, plate_10mL:002, plate_50mL:001

2021-09-12 11:23:51,530 Warning: unassigned plates: plate_10mL:002

2021-09-12 11:23:51,546 End of simulation..................................................................

2021-09-12 11:24:05,246 Simulation mode （模拟运行模式）..........................................................
2021-09-12 11:24:05,278 Running in the saver mode （节省模式启动）
2021-09-12 11:24:05,293 Starting to add common reagents (开始添加每个反应的相同试剂)
2021-09-12 11:24:05,293 Transfer AcOH (pure_liquid, 0.0057 mL) from vial@ (C4, C1) to reactor@ A1
2021-09-12 11:24:05,356 Transfer AcOH (pure_liquid, 0.0057 mL) from vial@ (C4, C1) to reactor@ A2
2021-09-12 11:24:05,418 Transfer AcOH (pure_liquid, 0.0057 mL) from vial@ (C4, C1) to reactor@ A3
2021-09-12 11:24:05,481 Transfer MeOH (pure_liquid, 1.0 mL) from vial@ (C2, B2) to reactor@ A1
2021-09-12 11:24:05,543 Transfer MeOH (pure_liquid, 1.0 mL) from vial@ (C2, B2) to reactor@ A2
2021-09-12 11:24:05,610 Transfer MeOH (pure_liquid, 1.0 mL) from vial@ (C2, B2) to reactor@ A3
2021-09-12 11:24:05,660 
2021-09-12 11:24:05,676 Starting the main sequence (开始主反应序列)
2021-09-12 11:24:05,676 Reaction No. 1 of 3, (tracking number: 09/12/2021/11:24/1)
2021-09-12 11:24:05,676 Transfer Phenethylamine (pure_liquid, 0.0109 mL) from vial@ (False, A3), to reactor@ A1 ...
2021-09-12 11:24:05,752 Transfer Cyclobutanone (pure_liquid, 0.0102 mL) from vial@ (C4, A2), to reactor@ A1 ...
2021-09-12 11:24:05,815  
2021-09-12 11:24:05,846 Reaction No. 2 of 3, (tracking number: 09/12/2021/11:24/2)
2021-09-12 11:24:05,846 Transfer Isopropylaniline (pure_liquid, 0.0109 mL) from vial@ (False, B1), to reactor@ A2 ...
2021-09-12 11:24:05,909 Transfer p-anisaldehyde (pure_liquid, 0.0102 mL) from vial@ (C4, B3), to reactor@ A2 ...
2021-09-12 11:24:05,987  
2021-09-12 11:24:06,003 Reaction No. 3 of 3, (tracking number: 09/12/2021/11:24/3)
2021-09-12 11:24:06,003 Transfer Aniline (pure_liquid, 0.0109 mL) from vial@ (False, B2), to reactor@ A3 ...
2021-09-12 11:24:06,065 Transfer Hexanal (pure_liquid, 0.0102 mL) from vial@ (C4, B1), to reactor@ A3 ...
2021-09-12 11:24:06,129  
2021-09-12 11:24:06,145 Starting to add remaining common reagents (开始添加尚未加入的相同试剂)
2021-09-12 11:24:06,145 Transfer NaBH3CN (solution, 0.5 mL) from vial@ (A2, A1) to reactor@ A1
2021-09-12 11:24:06,208 Transfer NaBH3CN (solution, 0.5 mL) from vial@ (A2, A1) to reactor@ A2
2021-09-12 11:24:06,270 Transfer NaBH3CN (solution, 0.5 mL) from vial@ (A2, A1) to reactor@ A3
2021-09-12 11:24:06,333 
2021-09-12 11:24:06,348 Reagents addition completed, start to cap reactors (试剂添加完成！开始反应瓶加盖操作)
2021-09-12 11:24:06,364 Run 1 of 3, adding cap to reactor at A1
2021-09-12 11:24:06,364 Run 2 of 3, adding cap to reactor at A2
2021-09-12 11:24:06,364 Run 3 of 3, adding cap to reactor at A3
2021-09-12 11:24:06,364 *Finished*

2021-09-12 11:24:06,379 Synthesis plan was parsed successfully! All reagents have been located.
2021-09-12 11:24:06,379 Required plates: plate_50mL:003, plate_10mL:001, plate_10mL:002, plate_50mL:001

2021-09-12 11:24:06,379 Warning: unassigned plates: plate_10mL:002

2021-09-12 11:24:06,379 End of simulation..................................................................

2021-09-12 11:27:33,604 Simulation mode （模拟运行模式）..........................................................
2021-09-12 11:27:33,606 Reaction No. 1 of 2, (tracking number: 09/12/2021/11:27/1)
2021-09-12 11:27:33,608 Transfer CsF (solid, 1 tablet) from vial@ (C5, D7), to reactor@ A1 ...
2021-09-12 11:27:33,668 Transfer liquid1 (pure_liquid, 0.5 mL) from vial@ (C4, C4), to reactor@ A1 ...
2021-09-12 11:27:33,731 Transfer water (solution, 0.9 mL) from vial@ (A2, B3), to reactor@ A1 ...
2021-09-12 11:27:33,793 Add cap to reactor@ A1
2021-09-12 11:27:33,793  
2021-09-12 11:27:33,793 Reaction No. 2 of 2, (tracking number: 09/12/2021/11:27/2)
2021-09-12 11:27:33,793 Transfer KF (solid, 1 tablet) from vial@ (C5, A1), to reactor@ A2 ...
2021-09-12 11:27:33,856 Transfer water (solution, 0.9 mL) from vial@ (A2, B3), to reactor@ A2 ...
2021-09-12 11:27:33,918 Add cap to reactor@ A2
2021-09-12 11:27:33,934  
2021-09-12 11:27:33,939 *Finished*

2021-09-12 11:27:33,943 Synthesis plan was parsed successfully! All reagents have been located.
2021-09-12 11:27:33,945 Required plates: plate_10mL:001, plate_5mL:001, plate_50mL:003

2021-09-12 11:27:33,948 End of simulation..................................................................

2021-09-12 11:34:46,347 Run 1 of 1, transfer cap for reactor@ A1
2021-09-12 11:35:02,311 Finished**************

2021-09-12 11:35:19,421 Starting transfering...
2021-09-12 11:35:37,558 Run 1 of 1, adding solvent NaCl-water 1.0 mL to reactor at A1 using tip F4
2021-09-12 11:36:19,519 Starting transfering...
2021-09-12 11:36:37,960 Run 1 of 1, adding solvent MeOtBu 1.0 mL to reactor at A1 using tip G4
2021-09-12 11:37:37,935 *Finished*

2021-09-12 11:38:34,910 Starting transfering...
2021-09-12 11:38:52,754 Run 1 of 1, adding solvent NaCl-water 1.0 mL to reactor at A1 using tip G4
2021-09-12 11:39:34,851 Starting transfering...
2021-09-12 11:39:53,254 Run 1 of 1, adding solvent MeOtBu 1.0 mL to reactor at A1 using tip H4
2021-09-12 11:40:53,221 *Finished*

2021-09-12 13:50:15,445 Com ports: xy_port= COM5, z_port= COM16, gripper_port= COM6, pipette_port= COM9
2021-09-12 13:59:14,869 Simulation mode （模拟运行模式）..........................................................
2021-09-12 13:59:14,869 Reaction No. 1 of 2, (tracking number: 09/12/2021/13:59/1)
2021-09-12 13:59:14,869 Transfer CsF (solid, 1 tablet) from vial@ (C5, D7), to reactor@ A1 ...
2021-09-12 13:59:14,932 Transfer liquid1 (pure_liquid, 0.5 mL) from vial@ (C4, C4), to reactor@ A1 ...
2021-09-12 13:59:14,994 Transfer water (solution, 0.9 mL) from vial@ (A2, B3), to reactor@ A1 ...
2021-09-12 13:59:15,057 Add cap to reactor@ A1
2021-09-12 13:59:15,072  
2021-09-12 13:59:15,072 Reaction No. 2 of 2, (tracking number: 09/12/2021/13:59/2)
2021-09-12 13:59:15,088 Transfer KF (solid, 1 tablet) from vial@ (C5, A1), to reactor@ A2 ...
2021-09-12 13:59:15,150 Transfer water (solution, 0.9 mL) from vial@ (A2, B3), to reactor@ A2 ...
2021-09-12 13:59:15,213 Add cap to reactor@ A2
2021-09-12 13:59:15,228  
2021-09-12 13:59:15,228 *Finished*

2021-09-12 13:59:15,228 Synthesis plan was parsed successfully! All reagents have been located.
2021-09-12 13:59:15,228 Required plates: plate_10mL:001, plate_5mL:001, plate_50mL:003

2021-09-12 13:59:15,228 End of simulation..................................................................

2021-09-12 14:04:24,015 Simulation mode （模拟运行模式）..........................................................
2021-09-12 14:04:24,015 Reaction No. 1 of 2, (tracking number: 09/12/2021/14:04/1)
2021-09-12 14:04:24,015 Transfer KF (solid, 1 tablet) from vial@ (C5, A1), to reactor@ A1 ...
2021-09-12 14:04:24,078 Transfer liquid1 (pure_liquid, 0.5 mL) from vial@ (C4, C4), to reactor@ A1 ...
2021-09-12 14:04:24,140 Add cap to reactor@ A1
2021-09-12 14:04:24,140  
2021-09-12 14:04:24,140 Reaction No. 2 of 2, (tracking number: 09/12/2021/14:04/2)
2021-09-12 14:04:24,140 Transfer KF (solid, 1 tablet) from vial@ (C5, A1), to reactor@ A2 ...
2021-09-12 14:04:24,203 Transfer water (solution, 0.9 mL) from vial@ (A2, B3), to reactor@ A2 ...
2021-09-12 14:04:24,265 Add cap to reactor@ A2
2021-09-12 14:04:24,281  
2021-09-12 14:04:24,281 *Finished*

2021-09-12 14:04:24,296 Synthesis plan was parsed successfully! All reagents have been located.
2021-09-12 14:04:24,296 Required plates: plate_10mL:001, plate_5mL:001, plate_50mL:003

2021-09-12 14:04:24,296 End of simulation..................................................................

2021-09-12 14:07:02,932 Simulation mode （模拟运行模式）..........................................................
2021-09-12 14:07:02,932 Reaction No. 1 of 2, (tracking number: 09/12/2021/14:07/1)
2021-09-12 14:07:02,932 Transfer KF (solid, 1 tablet) from vial@ (C5, A1), to reactor@ A1 ...
2021-09-12 14:07:02,995 Transfer liquid1 (pure_liquid, 0.5 mL) from vial@ (C4, C4), to reactor@ A1 ...
2021-09-12 14:07:03,057 Add cap to reactor@ A1
2021-09-12 14:07:03,073  
2021-09-12 14:07:03,073 Reaction No. 2 of 2, (tracking number: 09/12/2021/14:07/2)
2021-09-12 14:07:03,089 Transfer KF (solid, 1 tablet) from vial@ (C5, A1), to reactor@ A2 ...
2021-09-12 14:07:03,151 Transfer water (solution, 0.9 mL) from vial@ (A2, B3), to reactor@ A2 ...
2021-09-12 14:07:03,245 Add cap to reactor@ A2
2021-09-12 14:07:03,261  
2021-09-12 14:07:03,276 *Finished*

2021-09-12 14:07:03,276 Synthesis plan was parsed successfully! All reagents have been located.
2021-09-12 14:07:03,276 Required plates: plate_10mL:001, plate_5mL:001, plate_50mL:003

2021-09-12 14:07:03,276 End of simulation..................................................................

2021-09-12 14:07:29,492 Start running...........................................................................
2021-09-12 14:07:29,492 Reaction No. 1 of 2, (tracking number: 09/12/2021/14:07/1)
2021-09-12 14:07:29,492 Transfer KF (solid, 1 tablet) from vial@ (C5, A1), to reactor@ A1 ...
2021-09-12 14:08:08,546 Transfer liquid1 (pure_liquid, 0.5 mL) from vial@ (C4, C4), to reactor@ A1 ...
2021-09-12 14:09:10,924 Add cap to reactor@ A1
2021-09-12 14:09:27,498  
2021-09-12 14:09:27,514 Reaction No. 2 of 2, (tracking number: 09/12/2021/14:07/2)
2021-09-12 14:09:27,514 Transfer KF (solid, 1 tablet) from vial@ (C5, A1), to reactor@ A2 ...
2021-09-12 14:10:06,616 Transfer water (solution, 0.9 mL) from vial@ (A2, B3), to reactor@ A2 ...
2021-09-12 14:11:05,448 Add cap to reactor@ A2
2021-09-12 14:11:21,506  
2021-09-12 14:11:21,522 *Finished*

2021-09-12 14:12:32,324 Run 1 of 2, transfer cap for reactor@ A1
2021-09-12 14:12:48,149 Run 2 of 2, transfer cap for reactor@ A2
2021-09-12 14:13:04,021 Finished**************

2021-09-12 14:14:24,393 Start sampling...

2021-09-12 14:14:24,393 Run 1 of 1, sampling 0.008 mL from reactor A1 to GC/LC vial at A1
2021-09-12 14:15:22,755 Sampling competed, starting to add dilution solvent...
2021-09-12 14:15:22,755 Run 1 of 1, adding dilution solvent MeOH 0.8 mL to GC/LC vial at A1
2021-09-12 14:16:04,856 *Finished*

2021-09-12 14:26:10,396 Start work-up...

2021-09-12 14:26:13,068 Run 1 of 1, transfer 2.0 mL reaction mixture from reactor@ A1 to workup plate position@ A1 using tip@ D5
2021-09-12 14:28:03,719 Finished***********

2021-09-12 14:48:10,884 Com ports: xy_port= COM12, z_port= COM18, gripper_port= COM7, pipette_port= COM11
